<?xml version="1.0" encoding="UTF-8"?>
<testsuite xmlns:xsi="http://www.w3.org/2001/XMLSchema-instance" xsi:noNamespaceSchemaLocation="https://maven.apache.org/surefire/maven-surefire-plugin/xsd/surefire-test-report.xsd" version="3.0.2" name="com.example.demo.ProjectDemoApplicationTests" time="2.596" tests="1" errors="0" skipped="0" failures="0">
  <properties>
[...]
</properties>
  <testcase name="contextLoads" classname="com.example.demo.ProjectDemoApplicationTests" time="0.715">
    <system-out><![CDATA[22:03:11.811 [main] INFO org.springframework.test.context.support.AnnotationConfigContextLoaderUtils -- Could not detect default configuration classes for test class [com.example.demo.ProjectDemoApplicationTests]: ProjectDemoApplicationTests does not declare any static, non-private, non-final, nested classes annotated with @Configuration.
22:03:11.905 [main] INFO org.springframework.boot.test.context.SpringBootTestContextBootstrapper -- Found @SpringBootConfiguration com.example.demo.ProjectDemoApplication for test class com.example.demo.ProjectDemoApplicationTests
22:03:12.066 [main] INFO org.springframework.boot.devtools.restart.RestartApplicationListener -- Restart disabled due to context in which it is running

  .   ____          _            __ _ _
 /\\ / ___'_ __ _ _(_)_ __  __ _ \ \ \ \
( ( )\___ | '_ | '_| | '_ \/ _` | \ \ \ \
 \\/  ___)| |_)| | | | | || (_| |  ) ) ) )
  '  |____| .__|_| |_|_| |_\__, | / / / /
 =========|_|==============|___/=/_/_/_/

 :: Spring Boot ::                (v3.4.5)

2025-05-28T22:03:12.316+09:00  INFO 6860 --- [           main] c.e.demo.ProjectDemoApplicationTests     : Starting ProjectDemoApplicationTests using Java 17.0.15 with PID 6860 (started by raboc in C:\kjm_spring\sts-4.30.0.RELEASE-workspace\project_demo)
2025-05-28T22:03:12.317+09:00  INFO 6860 --- [           main] c.e.demo.ProjectDemoApplicationTests     : No active profile set, falling back to 1 default profile: "default"
2025-05-28T22:03:13.562+09:00  INFO 6860 --- [           main] c.e.demo.ProjectDemoApplicationTests     : Started ProjectDemoApplicationTests in 1.506 seconds (process running for 2.244)
]]></system-out>
  </testcase>
</testsuite>